<?xml version="1.0" encoding="UTF-8"?>
<testsuite xmlns:xsi="http://www.w3.org/2001/XMLSchema-instance" xsi:noNamespaceSchemaLocation="https://maven.apache.org/surefire/maven-surefire-plugin/xsd/surefire-test-report.xsd" name="inra.ijpb.math.AllTests" time="0.009" tests="4" errors="0" skipped="0" failures="0">
  <properties>
[...]
</properties>
  <testcase name="testCombineImages_FloatFloat_Times" classname="inra.ijpb.math.ImageCalculatorTest" time="0.006"/>
  <testcase name="testCombineImages_FloatFloat_Times_Self" classname="inra.ijpb.math.ImageCalculatorTest" time="0"/>
  <testcase name="testCombineImages_FloatFloat_MAX" classname="inra.ijpb.math.ImageCalculatorTest" time="0.002"/>
  <testcase name="testCombineImages_ByteByte_MAX" classname="inra.ijpb.math.ImageCalculatorTest" time="0"/>
</testsuite>