<?xml version="1.0" encoding="UTF-8"?>
<testsuite xmlns:xsi="http://www.w3.org/2001/XMLSchema-instance" xsi:noNamespaceSchemaLocation="https://maven.apache.org/surefire/maven-surefire-plugin/xsd/surefire-test-report.xsd" name="inra.ijpb.morphology.AllTests" time="3.491" tests="86" errors="0" skipped="0" failures="0">
  <properties>
[...]
</properties>
  <testcase name="testCreate_LineH" classname="inra.ijpb.morphology.StrelTest" time="0"/>
  <testcase name="testCreate_LineV" classname="inra.ijpb.morphology.StrelTest" time="0"/>
  <testcase name="testCreate_Square" classname="inra.ijpb.morphology.StrelTest" time="0"/>
  <testcase name="testClosing_allStrels" classname="inra.ijpb.morphology.StrelTest" time="0.025"/>
  <testcase name="testGetAllLabels" classname="inra.ijpb.morphology.StrelTest" time="0"/>
  <testcase name="testFromLabel" classname="inra.ijpb.morphology.StrelTest" time="0.001"/>
  <testcase name="testFromLabel_Illegal" classname="inra.ijpb.morphology.StrelTest" time="0"/>
  <testcase name="testFromLabel_Illegal2" classname="inra.ijpb.morphology.MorphologyTest" time="0"/>
  <testcase name="testClosing_Square" classname="inra.ijpb.morphology.MorphologyTest" time="0"/>
  <testcase name="testVariousOperations_Square_RGB" classname="inra.ijpb.morphology.MorphologyTest" time="0.065"/>
  <testcase name="testGetAllLabels" classname="inra.ijpb.morphology.MorphologyTest" time="0"/>
  <testcase name="testApplyOperation" classname="inra.ijpb.morphology.MorphologyTest" time="0.012"/>
  <testcase name="testOpening_Square_RGB" classname="inra.ijpb.morphology.MorphologyTest" time="0.017"/>
  <testcase name="testFromLabel" classname="inra.ijpb.morphology.MorphologyTest" time="0"/>
  <testcase name="testFromLabel_Illegal" classname="inra.ijpb.morphology.MorphologyTest" time="0"/>
  <testcase name="testClosing_Square_RGB" classname="inra.ijpb.morphology.MorphologyTest" time="0.013"/>
  <testcase name="testFloodFill_AllCases" classname="inra.ijpb.morphology.FloodFillTest" time="0"/>
  <testcase name="testFloodFill_FullImage" classname="inra.ijpb.morphology.FloodFillTest" time="0"/>
  <testcase name="testFloodFill_Concave" classname="inra.ijpb.morphology.FloodFillTest" time="0"/>
  <testcase name="testFloodFill_EmptySquaresC4" classname="inra.ijpb.morphology.FloodFillTest" time="0.001"/>
  <testcase name="testFloodFillC8Marker" classname="inra.ijpb.morphology.FloodFillTest" time="0"/>
  <testcase name="testFloodFillC8_AllCases" classname="inra.ijpb.morphology.FloodFillTest" time="0"/>
  <testcase name="testFloodFill_Square" classname="inra.ijpb.morphology.FloodFillTest" time="0"/>
  <testcase name="testFloodFill_Cross3d_C26Float" classname="inra.ijpb.morphology.FloodFill3DTest" time="0"/>
  <testcase name="testFloodFill_BatCochlea_C26Float" classname="inra.ijpb.morphology.FloodFill3DTest" time="0.148"/>
  <testcase name="testFloodFill_Cross3d_C6Float" classname="inra.ijpb.morphology.FloodFill3DTest" time="0"/>
  <testcase name="testFloodFillPair_Cross3d_C6Float" classname="inra.ijpb.morphology.FloodFill3DTest" time="0"/>
  <testcase name="testFloodFill_Cross3d_C26" classname="inra.ijpb.morphology.FloodFill3DTest" time="0.001"/>
  <testcase name="testFloodFill_BatCochlea_C26" classname="inra.ijpb.morphology.FloodFill3DTest" time="0.062"/>
  <testcase name="testFloodFill_Cross3d_C6" classname="inra.ijpb.morphology.FloodFill3DTest" time="0"/>
  <testcase name="testFloodFillPair_Cross3d_C26Float" classname="inra.ijpb.morphology.FloodFill3DTest" time="0"/>
  <testcase name="testRemoveLargestLabelImageProcessor" classname="inra.ijpb.label.LabelImagesTest" time="0.005"/>
  <testcase name="testKeepLargestLabelImageProcessor" classname="inra.ijpb.label.LabelImagesTest" time="0.005"/>
  <testcase name="testLabelToRGB_ImageProcessorByteArrayColor" classname="inra.ijpb.label.LabelImagesTest" time="0"/>
  <testcase name="testAreaOpeningImageProcessor" classname="inra.ijpb.label.LabelImagesTest" time="0.001"/>
  <testcase name="testFindAllLabels_Byte_IncreasingOrder" classname="inra.ijpb.label.LabelImagesTest" time="0"/>
  <testcase name="testKeepLargestLabelImageStack_EmptyImage" classname="inra.ijpb.label.LabelImagesTest" time="0"/>
  <testcase name="testFindAllLabels_ByteProcessor" classname="inra.ijpb.label.LabelImagesTest" time="0.002"/>
  <testcase name="testFindAllLabels_FloatProcessor" classname="inra.ijpb.label.LabelImagesTest" time="0.005"/>
  <testcase name="testKeepLargestLabelImageProcessor_EmptyImage" classname="inra.ijpb.label.LabelImagesTest" time="0"/>
  <testcase name="testReconstructByDilation_C4" classname="inra.ijpb.morphology.ReconstructionTest" time="0"/>
  <testcase name="testReconstructByDilation_C8" classname="inra.ijpb.morphology.ReconstructionTest" time="0.003"/>
  <testcase name="testReconstructByDilation_RGB_C4" classname="inra.ijpb.morphology.ReconstructionTest" time="0"/>
  <testcase name="testReconstructByDilationGrayscaleC4" classname="inra.ijpb.morphology.ReconstructionTest" time="0"/>
  <testcase name="testReconstructByDilationGrayscaleC8" classname="inra.ijpb.morphology.ReconstructionTest" time="0"/>
  <testcase name="testReconstructByErosion" classname="inra.ijpb.morphology.ReconstructionTest" time="0"/>
  <testcase name="testReconstructByErosion_C8" classname="inra.ijpb.morphology.ReconstructionTest" time="0"/>
  <testcase name="test_reconstructByDilation_CubicHollowMesh" classname="inra.ijpb.morphology.Reconstruction3DTest" time="0"/>
  <testcase name="test_reconstructByErosion_CochleaVolumeC26Float" classname="inra.ijpb.morphology.Reconstruction3DTest" time="0.647"/>
  <testcase name="test_reconstructByDilation_CochleaVolumeC6" classname="inra.ijpb.morphology.Reconstruction3DTest" time="0.386"/>
  <testcase name="test_reconstructByErosion_LeveledCubeGraphC6Float" classname="inra.ijpb.morphology.Reconstruction3DTest" time="0.001"/>
  <testcase name="test_reconstructByErosion_CochleaVolumeC6Float" classname="inra.ijpb.morphology.Reconstruction3DTest" time="0.712"/>
  <testcase name="testKillBorders3D" classname="inra.ijpb.morphology.Reconstruction3DTest" time="0"/>
  <testcase name="test_reconstructByDilation_LeveledCubeGraphC26" classname="inra.ijpb.morphology.Reconstruction3DTest" time="0"/>
  <testcase name="test_reconstructByErosion_LeveledCubeGraphC26" classname="inra.ijpb.morphology.Reconstruction3DTest" time="0.001"/>
  <testcase name="test_reconstructByDilation_LeveledCubeGraphC6" classname="inra.ijpb.morphology.Reconstruction3DTest" time="0"/>
  <testcase name="test_reconstructByDilation_CubicMeshC6" classname="inra.ijpb.morphology.Reconstruction3DTest" time="0.001"/>
  <testcase name="test_reconstructByDilation_LeveledCubeGraphC6Float" classname="inra.ijpb.morphology.Reconstruction3DTest" time="0"/>
  <testcase name="test_reconstructByErosion_CochleaVolumeC26" classname="inra.ijpb.morphology.Reconstruction3DTest" time="0.358"/>
  <testcase name="test_reconstructByErosion_CochleaVolumeC6" classname="inra.ijpb.morphology.Reconstruction3DTest" time="0.419"/>
  <testcase name="test_reconstructByDilation_CochleaVolumeC26" classname="inra.ijpb.morphology.Reconstruction3DTest" time="0.295"/>
  <testcase name="test_reconstructByErosion_LeveledCubeGraphC6" classname="inra.ijpb.morphology.Reconstruction3DTest" time="0"/>
  <testcase name="test_reconstructByDilation_LeveledCubeGraphC26Float" classname="inra.ijpb.morphology.Reconstruction3DTest" time="0.001"/>
  <testcase name="test_reconstructByDilation_CubicMeshC26" classname="inra.ijpb.morphology.Reconstruction3DTest" time="0.001"/>
  <testcase name="test_reconstructByErosion_LeveledCubeGraphC26Float" classname="inra.ijpb.morphology.Reconstruction3DTest" time="0.001"/>
  <testcase name="testExtendedMinMaxConsistency_C4" classname="inra.ijpb.morphology.MinimaAndMaximaTest" time="0.007"/>
  <testcase name="testExtendedMinMaxConsistency_C8" classname="inra.ijpb.morphology.MinimaAndMaximaTest" time="0.006"/>
  <testcase name="testRegionalMinimaAlgosConsistency_C4" classname="inra.ijpb.morphology.MinimaAndMaximaTest" time="0.004"/>
  <testcase name="testRegionalMinimaAlgosConsistency_C8" classname="inra.ijpb.morphology.MinimaAndMaximaTest" time="0.004"/>
  <testcase name="testImposeMinima_C4" classname="inra.ijpb.morphology.MinimaAndMaximaTest" time="0.013"/>
  <testcase name="testImposeMinima_C8" classname="inra.ijpb.morphology.MinimaAndMaximaTest" time="0.006"/>
  <testcase name="testRegionalMaximaAlgosConsistency_C4" classname="inra.ijpb.morphology.MinimaAndMaximaTest" time="0.005"/>
  <testcase name="testRegionalMaximaAlgosConsistency_C8" classname="inra.ijpb.morphology.MinimaAndMaximaTest" time="0.004"/>
  <testcase name="testRegionalMinimaImageProcessorInt" classname="inra.ijpb.morphology.MinimaAndMaximaTest" time="0"/>
  <testcase name="testRegionalMaximaImageProcessor_Conn4" classname="inra.ijpb.morphology.MinimaAndMaximaTest" time="0"/>
  <testcase name="testRegionalMaximaImageProcessor_Conn8" classname="inra.ijpb.morphology.MinimaAndMaximaTest" time="0"/>
  <testcase name="testImposeMinimaMaximaConsistency_C8" classname="inra.ijpb.morphology.MinimaAndMaximaTest" time="0.007"/>
  <testcase name="testRegionalMinimaImageProcessor_Conn8" classname="inra.ijpb.morphology.MinimaAndMaximaTest" time="0"/>
  <testcase name="testRegionalMinima_CubeGraph_C6" classname="inra.ijpb.morphology.MinimaAndMaxima3DTest" time="0"/>
  <testcase name="testRegionalMaxima_CubeGraph_C6" classname="inra.ijpb.morphology.MinimaAndMaxima3DTest" time="0.001"/>
  <testcase name="testRegionalMaxima_CubicMeshC26" classname="inra.ijpb.morphology.MinimaAndMaxima3DTest" time="0.006"/>
  <testcase name="testRegionalMaxima_BatCochlea" classname="inra.ijpb.morphology.MinimaAndMaxima3DTest" time="0.227"/>
  <testcase name="testExtendedMaxima_CubeGraph_C6" classname="inra.ijpb.morphology.MinimaAndMaxima3DTest" time="0"/>
  <testcase name="testRegionalMinima_CubeGraph_C26" classname="inra.ijpb.morphology.MinimaAndMaxima3DTest" time="0.001"/>
  <testcase name="testRegionalMaxima_CubicMeshC6" classname="inra.ijpb.morphology.MinimaAndMaxima3DTest" time="0.002"/>
  <testcase name="testRegionalMaxima_CubeGraph_C26" classname="inra.ijpb.morphology.MinimaAndMaxima3DTest" time="0.001"/>
</testsuite>